app/build/intermediates/manifest_merge_blame_file/release/manifest-merger-blame-release-report.txt
1<?xml version="1.0" encoding="utf-8"?>
2<!--
3     Copyright 2014 Braden Farmer
4
5      Licensed under the Apache License, Version 2.0 (the "License");
6      you may not use this file except in compliance with the License.
7      You may obtain a copy of the License at
8  
9           http://www.apache.org/licenses/LICENSE-2.0
10  
11      Unless required by applicable law or agreed to in writing, software
12      distributed under the License is distributed on an "AS IS" BASIS,
13      WITHOUT WARRANTIES OR CONDITIONS OF ANY KIND, either express or implied.
14      See the License for the specific language governing permissions and
15      limitations under the License.
16-->
17<manifest xmlns:android="http://schemas.android.com/apk/res/android"
18    package="com.farmerbb.notepad"
19    android:installLocation="auto"
20    android:versionCode="119"
21    android:versionName="3.0.4" >
22
23    <uses-sdk
24        android:minSdkVersion="21"
24-->src\main\AndroidManifest.xml
25        android:targetSdkVersion="31" />
25-->src\main\AndroidManifest.xml
26
27    <uses-feature
27-->src\main\AndroidManifest.xml:24:5-26:36
28        android:name="android.hardware.touchscreen"
28-->src\main\AndroidManifest.xml:25:9-52
29        android:required="false" />
29-->src\main\AndroidManifest.xml:26:9-33
30    <uses-feature
30-->src\main\AndroidManifest.xml:28:5-30:36
31        android:name="android.hardware.type.pc"
31-->src\main\AndroidManifest.xml:29:9-48
32        android:required="false" />
32-->src\main\AndroidManifest.xml:30:9-33
33
34    <supports-screens
34-->src\main\AndroidManifest.xml:32:5-37:40
35        android:anyDensity="true"
35-->src\main\AndroidManifest.xml:33:9-34
36        android:largeScreens="true"
36-->src\main\AndroidManifest.xml:34:9-36
37        android:normalScreens="true"
37-->src\main\AndroidManifest.xml:35:9-37
38        android:smallScreens="true"
38-->src\main\AndroidManifest.xml:36:9-36
39        android:xlargeScreens="true" />
39-->src\main\AndroidManifest.xml:37:9-37
40
41    <permission
41-->[androidx.core:core:1.10.1] AndroidManifest.xml:22:5-24:47
42        android:name="com.farmerbb.notepad.DYNAMIC_RECEIVER_NOT_EXPORTED_PERMISSION"
42-->[androidx.core:core:1.10.1] AndroidManifest.xml:23:9-81
43        android:protectionLevel="signature" />
43-->[androidx.core:core:1.10.1] AndroidManifest.xml:24:9-44
44
45    <uses-permission android:name="com.farmerbb.notepad.DYNAMIC_RECEIVER_NOT_EXPORTED_PERMISSION" />
45-->[androidx.core:core:1.10.1] AndroidManifest.xml:26:5-97
45-->[androidx.core:core:1.10.1] AndroidManifest.xml:26:22-94
46
47    <application
48        android:name="com.farmerbb.notepad.android.NotepadApplication"
48-->src\main\AndroidManifest.xml:40:9-51
49        android:allowBackup="true"
49-->src\main\AndroidManifest.xml:41:9-35
50        android:appComponentFactory="androidx.core.app.CoreComponentFactory"
50-->[androidx.core:core:1.10.1] AndroidManifest.xml:28:18-86
51        android:icon="@mipmap/ic_launcher"
51-->src\main\AndroidManifest.xml:42:9-43
52        android:label="@string/app_name"
52-->src\main\AndroidManifest.xml:43:9-35
53        android:supportsRtl="true"
53-->src\main\AndroidManifest.xml:45:9-35
54        android:theme="@style/Theme.Notepad" >
54-->src\main\AndroidManifest.xml:44:9-45
55        <activity
55-->src\main\AndroidManifest.xml:82:9-86:57
56            android:name="com.farmerbb.notepad.android.NotepadActivity"
56-->src\main\AndroidManifest.xml:83:13-72
57            android:exported="true"
57-->src\main\AndroidManifest.xml:84:13-36
58            android:launchMode="singleTop"
58-->src\main\AndroidManifest.xml:85:13-43
59            android:windowSoftInputMode="adjustResize" />
59-->src\main\AndroidManifest.xml:86:13-55
60
61        <activity-alias
62            android:name="com.farmerbb.notepad.MainActivity"
62-->src\main\AndroidManifest.xml:49:13-61
63            android:exported="true"
63-->src\main\AndroidManifest.xml:52:13-36
64            android:label="@string/app_name"
64-->src\main\AndroidManifest.xml:51:13-39
65            android:targetActivity="com.farmerbb.notepad.android.NotepadActivity" >
65-->src\main\AndroidManifest.xml:50:13-82
66            <intent-filter>
66-->src\main\AndroidManifest.xml:53:13-59:29
67                <action android:name="android.intent.action.MAIN" />
67-->src\main\AndroidManifest.xml:54:17-69
67-->src\main\AndroidManifest.xml:54:25-66
68
69                <category android:name="android.intent.category.LAUNCHER" />
69-->src\main\AndroidManifest.xml:56:17-77
69-->src\main\AndroidManifest.xml:56:27-74
70                <category android:name="android.intent.category.DEFAULT" />
70-->src\main\AndroidManifest.xml:57:17-76
70-->src\main\AndroidManifest.xml:57:27-73
71                <category android:name="android.intent.category.APP_MAPS" />
71-->src\main\AndroidManifest.xml:58:17-77
71-->src\main\AndroidManifest.xml:58:27-74
72            </intent-filter>
73
74            <meta-data
74-->src\main\AndroidManifest.xml:60:13-61:53
75                android:name="android.app.shortcuts"
75-->src\main\AndroidManifest.xml:60:24-60
76                android:resource="@xml/shortcuts" />
76-->src\main\AndroidManifest.xml:61:17-50
77        </activity-alias>
78
79        <activity
79-->src\main\AndroidManifest.xml:87:9-91:57
80            android:name="com.farmerbb.notepad.android.StandaloneEditorActivity"
80-->src\main\AndroidManifest.xml:88:13-81
81            android:exported="true"
81-->src\main\AndroidManifest.xml:89:13-36
82            android:launchMode="singleTop"
82-->src\main\AndroidManifest.xml:90:13-43
83            android:windowSoftInputMode="adjustResize" />
83-->src\main\AndroidManifest.xml:91:13-55
84
85        <activity-alias
86            android:name="com.farmerbb.notepad.activity.NoteEditActivity"
86-->src\main\AndroidManifest.xml:64:13-74
87            android:exported="true"
87-->src\main\AndroidManifest.xml:68:13-36
88            android:label="@string/app_name"
88-->src\main\AndroidManifest.xml:66:13-39
89            android:launchMode="singleTop"
89-->src\main\AndroidManifest.xml:67:13-43
90            android:targetActivity="com.farmerbb.notepad.android.StandaloneEditorActivity" >
90-->src\main\AndroidManifest.xml:65:13-91
91            <intent-filter>
91-->src\main\AndroidManifest.xml:69:13-79:29
92                <action android:name="android.intent.action.VIEW" />
92-->src\main\AndroidManifest.xml:70:17-69
92-->src\main\AndroidManifest.xml:70:25-66
93                <action android:name="android.intent.action.EDIT" />
93-->src\main\AndroidManifest.xml:71:17-69
93-->src\main\AndroidManifest.xml:71:25-66
94                <action android:name="android.intent.action.SEND" />
94-->src\main\AndroidManifest.xml:72:17-69
94-->src\main\AndroidManifest.xml:72:25-66
95                <action android:name="com.google.android.gm.action.AUTO_SEND" />
95-->src\main\AndroidManifest.xml:73:17-81
95-->src\main\AndroidManifest.xml:73:25-78
96
97                <category android:name="android.intent.category.DEFAULT" />
97-->src\main\AndroidManifest.xml:57:17-76
97-->src\main\AndroidManifest.xml:57:27-73
98                <category android:name="com.google.android.voicesearch.SELF_NOTE" />
98-->src\main\AndroidManifest.xml:76:17-85
98-->src\main\AndroidManifest.xml:76:27-82
99
100                <data android:mimeType="text/plain" />
100-->src\main\AndroidManifest.xml:78:17-55
100-->src\main\AndroidManifest.xml:78:23-52
101            </intent-filter>
102        </activity-alias>
103
104        <activity
104-->[androidx.compose.ui:ui-tooling:1.4.3] AndroidManifest.xml:23:9-25:39
105            android:name="androidx.compose.ui.tooling.PreviewActivity"
105-->[androidx.compose.ui:ui-tooling:1.4.3] AndroidManifest.xml:24:13-71
106            android:exported="true" />
106-->[androidx.compose.ui:ui-tooling:1.4.3] AndroidManifest.xml:25:13-36
107
108        <provider
108-->[androidx.emoji2:emoji2:1.3.0] AndroidManifest.xml:24:9-32:20
109            android:name="androidx.startup.InitializationProvider"
109-->[androidx.emoji2:emoji2:1.3.0] AndroidManifest.xml:25:13-67
110            android:authorities="com.farmerbb.notepad.androidx-startup"
110-->[androidx.emoji2:emoji2:1.3.0] AndroidManifest.xml:26:13-68
111            android:exported="false" >
111-->[androidx.emoji2:emoji2:1.3.0] AndroidManifest.xml:27:13-37
112            <meta-data
112-->[androidx.emoji2:emoji2:1.3.0] AndroidManifest.xml:29:13-31:52
113                android:name="androidx.emoji2.text.EmojiCompatInitializer"
113-->[androidx.emoji2:emoji2:1.3.0] AndroidManifest.xml:30:17-75
114                android:value="androidx.startup" />
114-->[androidx.emoji2:emoji2:1.3.0] AndroidManifest.xml:31:17-49
115            <meta-data
115-->[androidx.lifecycle:lifecycle-process:2.6.1] AndroidManifest.xml:29:13-31:52
116                android:name="androidx.lifecycle.ProcessLifecycleInitializer"
116-->[androidx.lifecycle:lifecycle-process:2.6.1] AndroidManifest.xml:30:17-78
117                android:value="androidx.startup" />
117-->[androidx.lifecycle:lifecycle-process:2.6.1] AndroidManifest.xml:31:17-49
118            <meta-data
118-->[androidx.profileinstaller:profileinstaller:1.3.0] AndroidManifest.xml:29:13-31:52
119                android:name="androidx.profileinstaller.ProfileInstallerInitializer"
119-->[androidx.profileinstaller:profileinstaller:1.3.0] AndroidManifest.xml:30:17-85
120                android:value="androidx.startup" />
120-->[androidx.profileinstaller:profileinstaller:1.3.0] AndroidManifest.xml:31:17-49
121        </provider>
122
123        <uses-library
123-->[androidx.window:window:1.0.0] AndroidManifest.xml:25:9-27:40
124            android:name="androidx.window.extensions"
124-->[androidx.window:window:1.0.0] AndroidManifest.xml:26:13-54
125            android:required="false" />
125-->[androidx.window:window:1.0.0] AndroidManifest.xml:27:13-37
126        <uses-library
126-->[androidx.window:window:1.0.0] AndroidManifest.xml:28:9-30:40
127            android:name="androidx.window.sidecar"
127-->[androidx.window:window:1.0.0] AndroidManifest.xml:29:13-51
128            android:required="false" />
128-->[androidx.window:window:1.0.0] AndroidManifest.xml:30:13-37
129
130        <receiver
130-->[androidx.profileinstaller:profileinstaller:1.3.0] AndroidManifest.xml:34:9-52:20
131            android:name="androidx.profileinstaller.ProfileInstallReceiver"
131-->[androidx.profileinstaller:profileinstaller:1.3.0] AndroidManifest.xml:35:13-76
132            android:directBootAware="false"
132-->[androidx.profileinstaller:profileinstaller:1.3.0] AndroidManifest.xml:36:13-44
133            android:enabled="true"
133-->[androidx.profileinstaller:profileinstaller:1.3.0] AndroidManifest.xml:37:13-35
134            android:exported="true"
134-->[androidx.profileinstaller:profileinstaller:1.3.0] AndroidManifest.xml:38:13-36
135            android:permission="android.permission.DUMP" >
135-->[androidx.profileinstaller:profileinstaller:1.3.0] AndroidManifest.xml:39:13-57
136            <intent-filter>
136-->[androidx.profileinstaller:profileinstaller:1.3.0] AndroidManifest.xml:40:13-42:29
137                <action android:name="androidx.profileinstaller.action.INSTALL_PROFILE" />
137-->[androidx.profileinstaller:profileinstaller:1.3.0] AndroidManifest.xml:41:17-91
137-->[androidx.profileinstaller:profileinstaller:1.3.0] AndroidManifest.xml:41:25-88
138            </intent-filter>
139            <intent-filter>
139-->[androidx.profileinstaller:profileinstaller:1.3.0] AndroidManifest.xml:43:13-45:29
140                <action android:name="androidx.profileinstaller.action.SKIP_FILE" />
140-->[androidx.profileinstaller:profileinstaller:1.3.0] AndroidManifest.xml:44:17-85
140-->[androidx.profileinstaller:profileinstaller:1.3.0] AndroidManifest.xml:44:25-82
141            </intent-filter>
142            <intent-filter>
142-->[androidx.profileinstaller:profileinstaller:1.3.0] AndroidManifest.xml:46:13-48:29
143                <action android:name="androidx.profileinstaller.action.SAVE_PROFILE" />
143-->[androidx.profileinstaller:profileinstaller:1.3.0] AndroidManifest.xml:47:17-88
143-->[androidx.profileinstaller:profileinstaller:1.3.0] AndroidManifest.xml:47:25-85
144            </intent-filter>
145            <intent-filter>
145-->[androidx.profileinstaller:profileinstaller:1.3.0] AndroidManifest.xml:49:13-51:29
146                <action android:name="androidx.profileinstaller.action.BENCHMARK_OPERATION" />
146-->[androidx.profileinstaller:profileinstaller:1.3.0] AndroidManifest.xml:50:17-95
146-->[androidx.profileinstaller:profileinstaller:1.3.0] AndroidManifest.xml:50:25-92
147            </intent-filter>
148        </receiver>
149    </application>
150
151</manifest>